2025-10-02 13:20:00, MOVE, v:1, k:carro, mode:PICK
2025-10-02 13:20:02, EXEC, v:1, k:carro, mode:FULL, rate:50, size:59
2025-10-02 13:23:13, EXEC, v:1, k:carro, mode:FULL, rate:60, size:62
2025-10-02 13:24:27, EXEC, v:1, k:carro, mode:FULL, rate:70, size:65
2025-10-02 13:25:08, EXEC, v:1, k:carro, mode:FULL, rate:70, size:65
2025-10-02 13:27:14, EXEC, v:1, k:carro, mode:FULL, rate:100, size:65
2025-10-02 13:28:39, EXEC, v:1, k:carro, mode:FULL, rate:100
2025-10-02 13:28:43, MOVE, v:1, k:carro, mode:BACK
2025-10-02 13:28:46, SELF, v:1, k:carro, rate:100
2025-10-02 13:45:15, MOVE, v:1, k:carro, mode:PICK
2025-10-02 13:45:18, EXEC, v:1, k:carro, mode:FULL, rate:100, size:65
2025-10-02 13:46:22, MOVE, v:1, k:carro, mode:BACK
2025-10-02 13:48:36, MOVE, v:1, k:carro, mode:PICK
2025-10-02 13:48:39, EXEC, v:1, k:carro, mode:FULL, rate:100, size:65
2025-10-02 13:49:12, MOVE, v:1, k:carro, mode:BACK
2025-10-02 13:49:22, MOVE, v:1, k:calculadora, mode:DOWN
2025-10-02 14:01:42, MOVE, v:1, k:calculadora, mode:PICK
2025-10-02 14:01:42, EXEC, v:1, k:calculadora, mode:FREE, size:26
2025-10-02 14:01:56, EXEC, v:1, k:calculadora, mode:FULL, rate:0
2025-10-02 14:07:22, MOVE, v:1, k:calculadora, mode:BACK
2025-10-02 14:59:18, MOVE, v:1, k:calculadora, mode:PICK
2025-10-02 14:59:19, EXEC, v:1, k:calculadora, mode:FULL, rate:0, size:54
2025-10-02 15:05:05, EXEC, v:1, k:calculadora, mode:FULL, rate:0, size:65
2025-10-02 15:05:56, EXEC, v:1, k:calculadora, mode:FULL, rate:100, size:61
2025-10-02 15:09:47, EXEC, v:1, k:calculadora, mode:FULL, rate:100, size:65
2025-10-02 15:10:42, EXEC, v:1, k:calculadora, mode:FULL, rate:100
2025-10-02 15:10:47, MOVE, v:1, k:calculadora, mode:BACK
